2026-07-06 19:13:34,738 | __main__ | INFO | ==================================================
2026-07-06 19:13:34,738 | __main__ | INFO | 🤖 بدء تشغيل بوت التحميل...
2026-07-06 19:13:34,740 | __main__ | INFO | ==================================================
2026-07-06 19:13:35,325 | __main__ | INFO | ✅ البوت يعمل الآن! اضغط Ctrl+C لإيقافه
2026-07-06 19:13:55,984 | __main__ | INFO | ==================================================
2026-07-06 19:13:55,984 | __main__ | INFO | 🤖 بدء تشغيل بوت التحميل...
2026-07-06 19:13:55,984 | __main__ | INFO | ==================================================
2026-07-06 19:13:56,518 | __main__ | INFO | ✅ البوت يعمل الآن! اضغط Ctrl+C لإيقافه
2026-07-06 19:14:04,747 | telegram.ext.Application | ERROR | No error handlers are registered, logging exception.
Traceback (most recent call last):
  File "G:\تحميل من المواقع لاملفات وفيديوهات\venv\Lib\site-packages\telegram\ext\_utils\networkloop.py", line 161, in network_retry_loop
    await do_action()
  File "G:\تحميل من المواقع لاملفات وفيديوهات\venv\Lib\site-packages\telegram\ext\_utils\networkloop.py", line 154, in do_action
    action_cb_task.result()
    ~~~~~~~~~~~~~~~~~~~~~^^
  File "G:\تحميل من المواقع لاملفات وفيديوهات\venv\Lib\site-packages\telegram\ext\_updater.py", line 340, in polling_action_cb
    updates = await self.bot.get_updates(
              ^^^^^^^^^^^^^^^^^^^^^^^^^^^
    ...<3 lines>...
    )
    ^
  File "G:\تحميل من المواقع لاملفات وفيديوهات\venv\Lib\site-packages\telegram\ext\_extbot.py", line 680, in get_updates
    updates = await super().get_updates(
              ^^^^^^^^^^^^^^^^^^^^^^^^^^
    ...<9 lines>...
    )
    ^
  File "G:\تحميل من المواقع لاملفات وفيديوهات\venv\Lib\site-packages\telegram\_bot.py", line 4767, in get_updates
    await self._post(
    ^^^^^^^^^^^^^^^^^
    ...<7 lines>...
    ),
    ^
  File "G:\تحميل من المواقع لاملفات وفيديوهات\venv\Lib\site-packages\telegram\_bot.py", line 712, in _post
    return await self._do_post(
           ^^^^^^^^^^^^^^^^^^^^
    ...<6 lines>...
    )
    ^
  File "G:\تحميل من المواقع لاملفات وفيديوهات\venv\Lib\site-packages\telegram\ext\_extbot.py", line 378, in _do_post
    return await super()._do_post(
           ^^^^^^^^^^^^^^^^^^^^^^^
    ...<6 lines>...
    )
    ^
  File "G:\تحميل من المواقع لاملفات وفيديوهات\venv\Lib\site-packages\telegram\_bot.py", line 741, in _do_post
    result = await request.post(
             ^^^^^^^^^^^^^^^^^^^
    ...<6 lines>...
    )
    ^
  File "G:\تحميل من المواقع لاملفات وفيديوهات\venv\Lib\site-packages\telegram\request\_baserequest.py", line 198, in post
    result = await self._request_wrapper(
             ^^^^^^^^^^^^^^^^^^^^^^^^^^^^
    ...<7 lines>...
    )
    ^
  File "G:\تحميل من المواقع لاملفات وفيديوهات\venv\Lib\site-packages\telegram\request\_baserequest.py", line 375, in _request_wrapper
    raise exception
telegram.error.Conflict: Conflict: terminated by other getUpdates request; make sure that only one bot instance is running
2026-07-06 20:07:01,028 | __main__ | INFO | ==================================================
2026-07-06 20:07:01,028 | __main__ | INFO | 🤖 بدء تشغيل بوت التحميل...
2026-07-06 20:07:01,028 | __main__ | INFO | ==================================================
2026-07-06 20:07:01,564 | __main__ | INFO | ✅ البوت يعمل الآن! اضغط Ctrl+C لإيقافه
2026-07-06 20:12:25,382 | __main__ | INFO | ==================================================
2026-07-06 20:12:25,382 | __main__ | INFO | 🤖 بدء تشغيل بوت التحميل...
2026-07-06 20:12:25,382 | __main__ | INFO | ==================================================
2026-07-06 20:12:25,900 | __main__ | INFO | ✅ البوت يعمل الآن! اضغط Ctrl+C لإيقافه
2026-07-06 20:12:36,116 | handlers.start | INFO | User 1680454327 (『ديטּجر🇮🇶⃤』) started the bot
2026-07-06 20:13:34,836 | downloader | ERROR | Audio download error: [0;31mERROR:[0m Postprocessing: ffprobe and ffmpeg not found. Please install or provide the path using --ffmpeg-location
2026-07-06 20:13:34,837 | handlers.download | ERROR | Audio download failed: [0;31mERROR:[0m Postprocessing: ffprobe and ffmpeg not found. Please install or provide the path using --ffmpeg-location
2026-07-06 20:15:56,037 | __main__ | INFO | ==================================================
2026-07-06 20:15:56,037 | __main__ | INFO | 🤖 بدء تشغيل بوت التحميل...
2026-07-06 20:15:56,037 | __main__ | INFO | ==================================================
2026-07-06 20:15:56,572 | __main__ | INFO | ✅ البوت يعمل الآن! اضغط Ctrl+C لإيقافه
2026-07-06 20:16:24,552 | downloader | ERROR | Audio download error: [0;31mERROR:[0m Postprocessing: ffprobe and ffmpeg not found. Please install or provide the path using --ffmpeg-location
2026-07-06 20:16:24,552 | handlers.download | ERROR | Audio download failed: [0;31mERROR:[0m Postprocessing: ffprobe and ffmpeg not found. Please install or provide the path using --ffmpeg-location
2026-07-06 20:25:55,546 | __main__ | INFO | ==================================================
2026-07-06 20:25:55,546 | __main__ | INFO | 🤖 بدء تشغيل بوت التحميل...
2026-07-06 20:25:55,546 | __main__ | INFO | ==================================================
2026-07-06 20:25:56,078 | __main__ | INFO | ✅ البوت يعمل الآن! اضغط Ctrl+C لإيقافه
2026-07-06 20:27:50,288 | downloader | INFO | Deleted: downloads\9974e983-c89f-44c9-a828-21eba8a29e5b\زينب لفت - الحاج باسم الكربلائي.mp3
2026-07-06 20:32:33,791 | downloader | INFO | Deleted: downloads\b09da10d-0386-4998-bc3a-1428d2448a5c\زينب لفت - الحاج باسم الكربلائي.mp4
2026-07-06 20:33:06,692 | downloader | INFO | Deleted: downloads\5b8ee2e5-b8d1-4287-a033-7c5825d73bd6\زينب لفت - الحاج باسم الكربلائي.mp4
2026-07-06 20:33:34,987 | downloader | INFO | Deleted: downloads\5ebc26de-dc3a-449f-a866-caccfeb42276\زينب لفت - الحاج باسم الكربلائي.mp4
2026-07-06 20:34:00,269 | handlers.download | ERROR | Video download failed: Timed out
2026-07-06 20:34:00,544 | downloader | INFO | Deleted: downloads\3c366214-d15b-4567-8c26-7d8ceb247b64\زينب لفت - الحاج باسم الكربلائي.mp4
2026-07-06 20:37:18,300 | handlers.download | ERROR | Error getting media info: Button_data_invalid
2026-07-06 20:37:25,832 | handlers.download | ERROR | Error getting media info: Button_data_invalid
2026-07-06 20:40:16,345 | handlers.start | INFO | User 1415851639 (مروه) started the bot
2026-07-06 20:40:32,461 | downloader | INFO | Deleted: downloads\5e857bcc-af98-49ad-82ac-3d86c48c9087\حسبي الله ونعم الوكيل 💔 شديصير بالعالم ؟ وين عايشين احنه #فيروزة #الع....mp4
2026-07-06 20:41:28,299 | downloader | INFO | Deleted: downloads\2e8c0e37-8a49-413a-90c6-b25e159a7ede\حسبي الله ونعم الوكيل 💔 شديصير بالعالم ؟ وين عايشين احنه #فيروزة #الع....mp3
2026-07-06 20:44:04,806 | __main__ | INFO | ==================================================
2026-07-06 20:44:04,806 | __main__ | INFO | 🤖 بدء تشغيل بوت التحميل...
2026-07-06 20:44:04,806 | __main__ | INFO | ==================================================
2026-07-06 20:44:05,353 | __main__ | INFO | ✅ البوت يعمل الآن! اضغط Ctrl+C لإيقافه
2026-07-06 20:45:11,478 | downloader | INFO | Deleted: downloads\0643ed54-8e06-4ecd-8ca6-29b74abb6099\Video by salille.alraii.mp4
2026-07-06 20:48:06,010 | handlers.start | INFO | User 1680454327 (『ديטּجر🇮🇶⃤』) started the bot
2026-07-06 20:48:15,881 | handlers.start | INFO | User 7547640860 (جعفر) started the bot
2026-07-06 20:48:28,571 | handlers.start | INFO | User 8635087373 (وي) started the bot
2026-07-06 20:48:51,800 | handlers.download | ERROR | Video download failed: Timed out
2026-07-06 20:48:52,085 | downloader | INFO | Deleted: downloads\e8e19e37-5df3-4d0c-8b3e-c9c67d98978d\Video by salille.alraii.mp4
2026-07-06 20:48:57,175 | downloader | ERROR | yt-dlp error: [0;31mERROR:[0m Unsupported URL: https://t.me/e0e_bot?start=_tgr_0YGqNGY3N2Ri
2026-07-06 20:49:16,632 | handlers.start | INFO | User 1680454327 (『ديטּجر🇮🇶⃤』) started the bot
2026-07-06 20:49:36,478 | downloader | INFO | Deleted: downloads\5d94cf33-86c9-4e54-a594-12bd76628923\Video by salille.alraii.mp4
2026-07-06 20:50:58,849 | downloader | INFO | Deleted: downloads\17327061-3b82-4387-9288-89af2acafc2f\يعني بهذا العمر وبحديقه الامه وجمالها مشاءالله من تكبر شصير هاي سوريي....mp4
2026-07-06 21:08:03,750 | __main__ | INFO | ==================================================
2026-07-06 21:08:03,750 | __main__ | INFO | 🤖 بدء تشغيل بوت التحميل...
2026-07-06 21:08:03,750 | __main__ | INFO | ==================================================
2026-07-06 21:08:04,284 | __main__ | INFO | ✅ البوت يعمل الآن! اضغط Ctrl+C لإيقافه
2026-07-06 21:08:17,908 | handlers.start | INFO | User 1680454327 (『ديטּجر🇮🇶⃤』) started the bot
2026-07-06 21:08:44,970 | telegram.ext.Application | ERROR | No error handlers are registered, logging exception.
Traceback (most recent call last):
  File "G:\تحميل من المواقع لاملفات وفيديوهات\venv\Lib\site-packages\telegram\ext\_application.py", line 1315, in process_update
    await coroutine
  File "G:\تحميل من المواقع لاملفات وفيديوهات\venv\Lib\site-packages\telegram\ext\_handlers\basehandler.py", line 159, in handle_update
    return await self.callback(update, context)
           ^^^^^^^^^^^^^^^^^^^^^^^^^^^^^^^^^^^^
  File "G:\تحميل من المواقع لاملفات وفيديوهات\handlers\start.py", line 49, in cmd_status
    import psutil
ModuleNotFoundError: No module named 'psutil'
2026-07-06 21:08:49,617 | telegram.ext.Application | ERROR | No error handlers are registered, logging exception.
Traceback (most recent call last):
  File "G:\تحميل من المواقع لاملفات وفيديوهات\venv\Lib\site-packages\telegram\ext\_application.py", line 1315, in process_update
    await coroutine
  File "G:\تحميل من المواقع لاملفات وفيديوهات\venv\Lib\site-packages\telegram\ext\_handlers\basehandler.py", line 159, in handle_update
    return await self.callback(update, context)
           ^^^^^^^^^^^^^^^^^^^^^^^^^^^^^^^^^^^^
  File "G:\تحميل من المواقع لاملفات وفيديوهات\handlers\start.py", line 49, in cmd_status
    import psutil
ModuleNotFoundError: No module named 'psutil'
2026-07-06 21:09:42,689 | downloader | INFO | Deleted: downloads\29b1bd33-d2d6-473c-8ef7-b621996d9762\زينب لفت - الحاج باسم الكربلائي_00001.webp
2026-07-06 21:16:30,815 | handlers.start | INFO | User 1680454327 (『ديטּجر🇮🇶⃤』) started the bot
2026-07-06 21:16:40,658 | handlers.start | INFO | User 7547640860 (جعفر) started the bot
2026-07-06 21:24:34,160 | handlers.start | INFO | User 7574025561 (ㅤ) started the bot
2026-07-06 21:57:54,845 | handlers.start | INFO | User 1680454327 (『ديטּجر🇮🇶⃤』) started the bot
2026-07-06 23:28:16,816 | handlers.start | INFO | User 1680454327 (『ديטּجر🇮🇶⃤』) started the bot
2026-07-06 23:33:33,032 | handlers.start | INFO | User 7547640860 (جعفر) started the bot
2026-07-06 23:34:38,015 | downloader | INFO | Deleted: downloads\39042ccf-d541-4424-ace9-1ed425f47d45\المنشور 34｜والله دنيا وصارت اخبارك بعيده💔😔 #باسم_الكربلائي  #قصائد_حس....mp4
2026-07-06 23:34:49,928 | handlers.start | INFO | User 7547640860 (جعفر) started the bot
2026-07-07 01:21:12,475 | handlers.start | INFO | User 7667320705 (بدر🤍) started the bot
2026-07-07 01:23:24,726 | telegram.ext.Application | ERROR | No error handlers are registered, logging exception.
Traceback (most recent call last):
  File "G:\تحميل من المواقع لاملفات وفيديوهات\venv\Lib\site-packages\telegram\ext\_application.py", line 1315, in process_update
    await coroutine
  File "G:\تحميل من المواقع لاملفات وفيديوهات\venv\Lib\site-packages\telegram\ext\_handlers\basehandler.py", line 159, in handle_update
    return await self.callback(update, context)
           ^^^^^^^^^^^^^^^^^^^^^^^^^^^^^^^^^^^^
  File "G:\تحميل من المواقع لاملفات وفيديوهات\handlers\start.py", line 49, in cmd_status
ModuleNotFoundError: No module named 'psutil'
2026-07-07 01:23:32,266 | handlers.start | INFO | User 7667320705 (بدر🤍) started the bot
2026-07-07 01:39:16,271 | __main__ | INFO | ==================================================
2026-07-07 01:39:16,271 | __main__ | INFO | 🤖 بدء تشغيل بوت التحميل...
2026-07-07 01:39:16,271 | __main__ | INFO | ==================================================
2026-07-07 01:39:16,863 | __main__ | INFO | ✅ البوت يعمل الآن! اضغط Ctrl+C لإيقافه
2026-07-07 01:39:55,614 | __main__ | INFO | ==================================================
2026-07-07 01:39:55,615 | __main__ | INFO | 🤖 بدء تشغيل بوت التحميل...
2026-07-07 01:39:55,615 | __main__ | INFO | ==================================================
2026-07-07 01:39:56,137 | __main__ | INFO | ✅ البوت يعمل الآن! اضغط Ctrl+C لإيقافه
2026-07-07 01:47:04,514 | utils.db | INFO | ✅ Database initialized successfully.
2026-07-07 01:47:04,515 | __main__ | INFO | ==================================================
2026-07-07 01:47:04,515 | __main__ | INFO | 🤖 بدء تشغيل بوت التحميل...
2026-07-07 01:47:04,515 | __main__ | INFO | ==================================================
2026-07-07 01:47:05,038 | __main__ | INFO | ✅ البوت يعمل الآن! اضغط Ctrl+C لإيقافه
2026-07-07 01:47:06,039 | handlers.start | INFO | User 1747915739 (حسن) started the bot
2026-07-07 01:47:08,920 | telegram.ext.Application | ERROR | No error handlers are registered, logging exception.
Traceback (most recent call last):
  File "G:\تحميل من المواقع لاملفات وفيديوهات\venv\Lib\site-packages\telegram\ext\_application.py", line 1315, in process_update
    await coroutine
  File "G:\تحميل من المواقع لاملفات وفيديوهات\venv\Lib\site-packages\telegram\ext\_handlers\basehandler.py", line 159, in handle_update
    return await self.callback(update, context)
           ^^^^^^^^^^^^^^^^^^^^^^^^^^^^^^^^^^^^
  File "G:\تحميل من المواقع لاملفات وفيديوهات\bot.py", line 90, in wrapper
    return await func(update, context, *args, **kwargs)
           ^^^^^^^^^^^^^^^^^^^^^^^^^^^^^^^^^^^^^^^^^^^^
  File "G:\تحميل من المواقع لاملفات وفيديوهات\handlers\start.py", line 41, in wrapper
    return await func(update, context, *args, **kwargs)
           ^^^^^^^^^^^^^^^^^^^^^^^^^^^^^^^^^^^^^^^^^^^^
  File "G:\تحميل من المواقع لاملفات وفيديوهات\handlers\start.py", line 166, in btn_menu_status
    await query.edit_message_text(
    ...<3 lines>...
    )
  File "G:\تحميل من المواقع لاملفات وفيديوهات\venv\Lib\site-packages\telegram\_callbackquery.py", line 269, in edit_message_text
    return await self._get_message().edit_text(
           ^^^^^^^^^^^^^^^^^^^^^^^^^^^^^^^^^^^^
    ...<11 lines>...
    )
    ^
  File "G:\تحميل من المواقع لاملفات وفيديوهات\venv\Lib\site-packages\telegram\_message.py", line 4473, in edit_text
    return await self.get_bot().edit_message_text(
           ^^^^^^^^^^^^^^^^^^^^^^^^^^^^^^^^^^^^^^^
    ...<15 lines>...
    )
    ^
  File "G:\تحميل من المواقع لاملفات وفيديوهات\venv\Lib\site-packages\telegram\ext\_extbot.py", line 1763, in edit_message_text
    return await super().edit_message_text(
           ^^^^^^^^^^^^^^^^^^^^^^^^^^^^^^^^
    ...<15 lines>...
    )
    ^
  File "G:\تحميل من المواقع لاملفات وفيديوهات\venv\Lib\site-packages\telegram\_bot.py", line 4465, in edit_message_text
    return await self._send_message(
           ^^^^^^^^^^^^^^^^^^^^^^^^^
    ...<11 lines>...
    )
    ^
  File "G:\تحميل من المواقع لاملفات وفيديوهات\venv\Lib\site-packages\telegram\ext\_extbot.py", line 638, in _send_message
    result = await super()._send_message(
             ^^^^^^^^^^^^^^^^^^^^^^^^^^^^
    ...<23 lines>...
    )
    ^
  File "G:\تحميل من المواقع لاملفات وفيديوهات\venv\Lib\site-packages\telegram\_bot.py", line 828, in _send_message
    result = await self._post(
             ^^^^^^^^^^^^^^^^^
    ...<7 lines>...
    )
    ^
  File "G:\تحميل من المواقع لاملفات وفيديوهات\venv\Lib\site-packages\telegram\_bot.py", line 712, in _post
    return await self._do_post(
           ^^^^^^^^^^^^^^^^^^^^
    ...<6 lines>...
    )
    ^
  File "G:\تحميل من المواقع لاملفات وفيديوهات\venv\Lib\site-packages\telegram\ext\_extbot.py", line 378, in _do_post
    return await super()._do_post(
           ^^^^^^^^^^^^^^^^^^^^^^^
    ...<6 lines>...
    )
    ^
  File "G:\تحميل من المواقع لاملفات وفيديوهات\venv\Lib\site-packages\telegram\_bot.py", line 741, in _do_post
    result = await request.post(
             ^^^^^^^^^^^^^^^^^^^
    ...<6 lines>...
    )
    ^
  File "G:\تحميل من المواقع لاملفات وفيديوهات\venv\Lib\site-packages\telegram\request\_baserequest.py", line 198, in post
    result = await self._request_wrapper(
             ^^^^^^^^^^^^^^^^^^^^^^^^^^^^
    ...<7 lines>...
    )
    ^
  File "G:\تحميل من المواقع لاملفات وفيديوهات\venv\Lib\site-packages\telegram\request\_baserequest.py", line 375, in _request_wrapper
    raise exception
telegram.error.BadRequest: There is no text in the message to edit
2026-07-07 01:47:50,582 | handlers.start | INFO | User 1680454327 (『ديטּجر🇮🇶⃤』) started the bot
2026-07-07 01:50:00,524 | utils.db | INFO | ✅ Database initialized successfully.
2026-07-07 01:50:00,524 | __main__ | INFO | ==================================================
2026-07-07 01:50:00,524 | __main__ | INFO | 🤖 بدء تشغيل بوت التحميل...
2026-07-07 01:50:00,524 | __main__ | INFO | ==================================================
2026-07-07 01:50:01,052 | __main__ | INFO | ✅ البوت يعمل الآن! اضغط Ctrl+C لإيقافه
2026-07-07 02:12:35,656 | utils.db | INFO | ✅ Database initialized successfully.
2026-07-07 02:12:35,657 | __main__ | INFO | ==================================================
2026-07-07 02:12:35,657 | __main__ | INFO | 🤖 بدء تشغيل بوت التحميل...
2026-07-07 02:12:35,657 | __main__ | INFO | ==================================================
2026-07-07 02:12:36,281 | __main__ | INFO | ✅ البوت يعمل الآن! اضغط Ctrl+C لإيقافه
2026-07-07 03:05:05,309 | utils.db | INFO | ✅ Database initialized successfully.
2026-07-07 03:05:05,309 | __main__ | INFO | ==================================================
2026-07-07 03:05:05,309 | __main__ | INFO | 🤖 بدء تشغيل بوت التحميل...
2026-07-07 03:05:05,310 | __main__ | INFO | ==================================================
2026-07-07 03:05:05,852 | __main__ | INFO | ✅ البوت يعمل الآن! اضغط Ctrl+C لإيقافه
2026-07-07 03:05:16,254 | handlers.admin | INFO | 🔄 Running scheduled auto-update for yt-dlp...
2026-07-07 03:05:17,850 | handlers.admin | INFO | ✅ yt-dlp auto-updated successfully. Version: 2026.07.04
2026-07-07 04:11:10,812 | telegram.ext.Application | ERROR | No error handlers are registered, logging exception.
Traceback (most recent call last):
  File "G:\تحميل من المواقع لاملفات وفيديوهات\venv\Lib\site-packages\telegram\ext\_utils\networkloop.py", line 161, in network_retry_loop
    await do_action()
  File "G:\تحميل من المواقع لاملفات وفيديوهات\venv\Lib\site-packages\telegram\ext\_utils\networkloop.py", line 154, in do_action
    action_cb_task.result()
    ~~~~~~~~~~~~~~~~~~~~~^^
  File "G:\تحميل من المواقع لاملفات وفيديوهات\venv\Lib\site-packages\telegram\ext\_updater.py", line 340, in polling_action_cb
    updates = await self.bot.get_updates(
              ^^^^^^^^^^^^^^^^^^^^^^^^^^^
    ...<3 lines>...
    )
    ^
  File "G:\تحميل من المواقع لاملفات وفيديوهات\venv\Lib\site-packages\telegram\ext\_extbot.py", line 680, in get_updates
    updates = await super().get_updates(
              ^^^^^^^^^^^^^^^^^^^^^^^^^^
    ...<9 lines>...
    )
    ^
  File "G:\تحميل من المواقع لاملفات وفيديوهات\venv\Lib\site-packages\telegram\_bot.py", line 4767, in get_updates
    await self._post(
    ^^^^^^^^^^^^^^^^^
    ...<7 lines>...
    ),
    ^
  File "G:\تحميل من المواقع لاملفات وفيديوهات\venv\Lib\site-packages\telegram\_bot.py", line 712, in _post
    return await self._do_post(
           ^^^^^^^^^^^^^^^^^^^^
    ...<6 lines>...
    )
    ^
  File "G:\تحميل من المواقع لاملفات وفيديوهات\venv\Lib\site-packages\telegram\ext\_extbot.py", line 378, in _do_post
    return await super()._do_post(
           ^^^^^^^^^^^^^^^^^^^^^^^
    ...<6 lines>...
    )
    ^
  File "G:\تحميل من المواقع لاملفات وفيديوهات\venv\Lib\site-packages\telegram\_bot.py", line 741, in _do_post
    result = await request.post(
             ^^^^^^^^^^^^^^^^^^^
    ...<6 lines>...
    )
    ^
  File "G:\تحميل من المواقع لاملفات وفيديوهات\venv\Lib\site-packages\telegram\request\_baserequest.py", line 198, in post
    result = await self._request_wrapper(
             ^^^^^^^^^^^^^^^^^^^^^^^^^^^^
    ...<7 lines>...
    )
    ^
  File "G:\تحميل من المواقع لاملفات وفيديوهات\venv\Lib\site-packages\telegram\request\_baserequest.py", line 375, in _request_wrapper
    raise exception
telegram.error.NetworkError: Bad Gateway
2026-07-07 04:11:19,305 | telegram.ext.Application | ERROR | No error handlers are registered, logging exception.
Traceback (most recent call last):
  File "G:\تحميل من المواقع لاملفات وفيديوهات\venv\Lib\site-packages\telegram\ext\_utils\networkloop.py", line 161, in network_retry_loop
    await do_action()
  File "G:\تحميل من المواقع لاملفات وفيديوهات\venv\Lib\site-packages\telegram\ext\_utils\networkloop.py", line 154, in do_action
    action_cb_task.result()
    ~~~~~~~~~~~~~~~~~~~~~^^
  File "G:\تحميل من المواقع لاملفات وفيديوهات\venv\Lib\site-packages\telegram\ext\_updater.py", line 340, in polling_action_cb
    updates = await self.bot.get_updates(
              ^^^^^^^^^^^^^^^^^^^^^^^^^^^
    ...<3 lines>...
    )
    ^
  File "G:\تحميل من المواقع لاملفات وفيديوهات\venv\Lib\site-packages\telegram\ext\_extbot.py", line 680, in get_updates
    updates = await super().get_updates(
              ^^^^^^^^^^^^^^^^^^^^^^^^^^
    ...<9 lines>...
    )
    ^
  File "G:\تحميل من المواقع لاملفات وفيديوهات\venv\Lib\site-packages\telegram\_bot.py", line 4767, in get_updates
    await self._post(
    ^^^^^^^^^^^^^^^^^
    ...<7 lines>...
    ),
    ^
  File "G:\تحميل من المواقع لاملفات وفيديوهات\venv\Lib\site-packages\telegram\_bot.py", line 712, in _post
    return await self._do_post(
           ^^^^^^^^^^^^^^^^^^^^
    ...<6 lines>...
    )
    ^
  File "G:\تحميل من المواقع لاملفات وفيديوهات\venv\Lib\site-packages\telegram\ext\_extbot.py", line 378, in _do_post
    return await super()._do_post(
           ^^^^^^^^^^^^^^^^^^^^^^^
    ...<6 lines>...
    )
    ^
  File "G:\تحميل من المواقع لاملفات وفيديوهات\venv\Lib\site-packages\telegram\_bot.py", line 741, in _do_post
    result = await request.post(
             ^^^^^^^^^^^^^^^^^^^
    ...<6 lines>...
    )
    ^
  File "G:\تحميل من المواقع لاملفات وفيديوهات\venv\Lib\site-packages\telegram\request\_baserequest.py", line 198, in post
    result = await self._request_wrapper(
             ^^^^^^^^^^^^^^^^^^^^^^^^^^^^
    ...<7 lines>...
    )
    ^
  File "G:\تحميل من المواقع لاملفات وفيديوهات\venv\Lib\site-packages\telegram\request\_baserequest.py", line 375, in _request_wrapper
    raise exception
telegram.error.NetworkError: Bad Gateway
2026-07-07 04:11:31,931 | telegram.ext.Application | ERROR | No error handlers are registered, logging exception.
Traceback (most recent call last):
  File "G:\تحميل من المواقع لاملفات وفيديوهات\venv\Lib\site-packages\telegram\ext\_utils\networkloop.py", line 161, in network_retry_loop
    await do_action()
  File "G:\تحميل من المواقع لاملفات وفيديوهات\venv\Lib\site-packages\telegram\ext\_utils\networkloop.py", line 154, in do_action
    action_cb_task.result()
    ~~~~~~~~~~~~~~~~~~~~~^^
  File "G:\تحميل من المواقع لاملفات وفيديوهات\venv\Lib\site-packages\telegram\ext\_updater.py", line 340, in polling_action_cb
    updates = await self.bot.get_updates(
              ^^^^^^^^^^^^^^^^^^^^^^^^^^^
    ...<3 lines>...
    )
    ^
  File "G:\تحميل من المواقع لاملفات وفيديوهات\venv\Lib\site-packages\telegram\ext\_extbot.py", line 680, in get_updates
    updates = await super().get_updates(
              ^^^^^^^^^^^^^^^^^^^^^^^^^^
    ...<9 lines>...
    )
    ^
  File "G:\تحميل من المواقع لاملفات وفيديوهات\venv\Lib\site-packages\telegram\_bot.py", line 4767, in get_updates
    await self._post(
    ^^^^^^^^^^^^^^^^^
    ...<7 lines>...
    ),
    ^
  File "G:\تحميل من المواقع لاملفات وفيديوهات\venv\Lib\site-packages\telegram\_bot.py", line 712, in _post
    return await self._do_post(
           ^^^^^^^^^^^^^^^^^^^^
    ...<6 lines>...
    )
    ^
  File "G:\تحميل من المواقع لاملفات وفيديوهات\venv\Lib\site-packages\telegram\ext\_extbot.py", line 378, in _do_post
    return await super()._do_post(
           ^^^^^^^^^^^^^^^^^^^^^^^
    ...<6 lines>...
    )
    ^
  File "G:\تحميل من المواقع لاملفات وفيديوهات\venv\Lib\site-packages\telegram\_bot.py", line 741, in _do_post
    result = await request.post(
             ^^^^^^^^^^^^^^^^^^^
    ...<6 lines>...
    )
    ^
  File "G:\تحميل من المواقع لاملفات وفيديوهات\venv\Lib\site-packages\telegram\request\_baserequest.py", line 198, in post
    result = await self._request_wrapper(
             ^^^^^^^^^^^^^^^^^^^^^^^^^^^^
    ...<7 lines>...
    )
    ^
  File "G:\تحميل من المواقع لاملفات وفيديوهات\venv\Lib\site-packages\telegram\request\_baserequest.py", line 375, in _request_wrapper
    raise exception
telegram.error.NetworkError: Bad Gateway
2026-07-07 06:12:21,082 | handlers.start | INFO | User 1680454327 (『ديטּجر🇮🇶⃤』) started the bot
2026-07-07 07:46:01,612 | handlers.start | INFO | User 1680454327 (『ديטּجر🇮🇶⃤』) started the bot
2026-07-07 10:52:12,536 | handlers.start | INFO | User 231864589 (Noorali k) started the bot
2026-07-07 10:52:32,462 | telegram.ext.Application | ERROR | No error handlers are registered, logging exception.
Traceback (most recent call last):
  File "G:\تحميل من المواقع لاملفات وفيديوهات\venv\Lib\site-packages\telegram\ext\_application.py", line 1315, in process_update
    await coroutine
  File "G:\تحميل من المواقع لاملفات وفيديوهات\venv\Lib\site-packages\telegram\ext\_handlers\basehandler.py", line 159, in handle_update
    return await self.callback(update, context)
           ^^^^^^^^^^^^^^^^^^^^^^^^^^^^^^^^^^^^
  File "G:\تحميل من المواقع لاملفات وفيديوهات\bot.py", line 91, in wrapper
  File "G:\تحميل من المواقع لاملفات وفيديوهات\handlers\start.py", line 41, in wrapper
    return
       ^^^
  File "G:\تحميل من المواقع لاملفات وفيديوهات\handlers\start.py", line 166, in btn_menu_status
    """معالج زر الحالة"""
    ...<3 lines>...
    
  File "G:\تحميل من المواقع لاملفات وفيديوهات\venv\Lib\site-packages\telegram\_callbackquery.py", line 269, in edit_message_text
    return await self._get_message().edit_text(
           ^^^^^^^^^^^^^^^^^^^^^^^^^^^^^^^^^^^^
    ...<11 lines>...
    )
    ^
  File "G:\تحميل من المواقع لاملفات وفيديوهات\venv\Lib\site-packages\telegram\_message.py", line 4473, in edit_text
    return await self.get_bot().edit_message_text(
           ^^^^^^^^^^^^^^^^^^^^^^^^^^^^^^^^^^^^^^^
    ...<15 lines>...
    )
    ^
  File "G:\تحميل من المواقع لاملفات وفيديوهات\venv\Lib\site-packages\telegram\ext\_extbot.py", line 1763, in edit_message_text
    return await super().edit_message_text(
           ^^^^^^^^^^^^^^^^^^^^^^^^^^^^^^^^
    ...<15 lines>...
    )
    ^
  File "G:\تحميل من المواقع لاملفات وفيديوهات\venv\Lib\site-packages\telegram\_bot.py", line 4465, in edit_message_text
    return await self._send_message(
           ^^^^^^^^^^^^^^^^^^^^^^^^^
    ...<11 lines>...
    )
    ^
  File "G:\تحميل من المواقع لاملفات وفيديوهات\venv\Lib\site-packages\telegram\ext\_extbot.py", line 638, in _send_message
    result = await super()._send_message(
             ^^^^^^^^^^^^^^^^^^^^^^^^^^^^
    ...<23 lines>...
    )
    ^
  File "G:\تحميل من المواقع لاملفات وفيديوهات\venv\Lib\site-packages\telegram\_bot.py", line 828, in _send_message
    result = await self._post(
             ^^^^^^^^^^^^^^^^^
    ...<7 lines>...
    )
    ^
  File "G:\تحميل من المواقع لاملفات وفيديوهات\venv\Lib\site-packages\telegram\_bot.py", line 712, in _post
    return await self._do_post(
           ^^^^^^^^^^^^^^^^^^^^
    ...<6 lines>...
    )
    ^
  File "G:\تحميل من المواقع لاملفات وفيديوهات\venv\Lib\site-packages\telegram\ext\_extbot.py", line 378, in _do_post
    return await super()._do_post(
           ^^^^^^^^^^^^^^^^^^^^^^^
    ...<6 lines>...
    )
    ^
  File "G:\تحميل من المواقع لاملفات وفيديوهات\venv\Lib\site-packages\telegram\_bot.py", line 741, in _do_post
    result = await request.post(
             ^^^^^^^^^^^^^^^^^^^
    ...<6 lines>...
    )
    ^
  File "G:\تحميل من المواقع لاملفات وفيديوهات\venv\Lib\site-packages\telegram\request\_baserequest.py", line 198, in post
    result = await self._request_wrapper(
             ^^^^^^^^^^^^^^^^^^^^^^^^^^^^
    ...<7 lines>...
    )
    ^
  File "G:\تحميل من المواقع لاملفات وفيديوهات\venv\Lib\site-packages\telegram\request\_baserequest.py", line 375, in _request_wrapper
    raise exception
telegram.error.BadRequest: There is no text in the message to edit
2026-07-07 10:52:34,708 | telegram.ext.Application | ERROR | No error handlers are registered, logging exception.
Traceback (most recent call last):
  File "G:\تحميل من المواقع لاملفات وفيديوهات\venv\Lib\site-packages\telegram\ext\_application.py", line 1315, in process_update
    await coroutine
  File "G:\تحميل من المواقع لاملفات وفيديوهات\venv\Lib\site-packages\telegram\ext\_handlers\basehandler.py", line 159, in handle_update
    return await self.callback(update, context)
           ^^^^^^^^^^^^^^^^^^^^^^^^^^^^^^^^^^^^
  File "G:\تحميل من المواقع لاملفات وفيديوهات\bot.py", line 91, in wrapper
  File "G:\تحميل من المواقع لاملفات وفيديوهات\handlers\start.py", line 41, in wrapper
    return
       ^^^
  File "G:\تحميل من المواقع لاملفات وفيديوهات\handlers\start.py", line 166, in btn_menu_status
    """معالج زر الحالة"""
    ...<3 lines>...
    
  File "G:\تحميل من المواقع لاملفات وفيديوهات\venv\Lib\site-packages\telegram\_callbackquery.py", line 269, in edit_message_text
    return await self._get_message().edit_text(
           ^^^^^^^^^^^^^^^^^^^^^^^^^^^^^^^^^^^^
    ...<11 lines>...
    )
    ^
  File "G:\تحميل من المواقع لاملفات وفيديوهات\venv\Lib\site-packages\telegram\_message.py", line 4473, in edit_text
    return await self.get_bot().edit_message_text(
           ^^^^^^^^^^^^^^^^^^^^^^^^^^^^^^^^^^^^^^^
    ...<15 lines>...
    )
    ^
  File "G:\تحميل من المواقع لاملفات وفيديوهات\venv\Lib\site-packages\telegram\ext\_extbot.py", line 1763, in edit_message_text
    return await super().edit_message_text(
           ^^^^^^^^^^^^^^^^^^^^^^^^^^^^^^^^
    ...<15 lines>...
    )
    ^
  File "G:\تحميل من المواقع لاملفات وفيديوهات\venv\Lib\site-packages\telegram\_bot.py", line 4465, in edit_message_text
    return await self._send_message(
           ^^^^^^^^^^^^^^^^^^^^^^^^^
    ...<11 lines>...
    )
    ^
  File "G:\تحميل من المواقع لاملفات وفيديوهات\venv\Lib\site-packages\telegram\ext\_extbot.py", line 638, in _send_message
    result = await super()._send_message(
             ^^^^^^^^^^^^^^^^^^^^^^^^^^^^
    ...<23 lines>...
    )
    ^
  File "G:\تحميل من المواقع لاملفات وفيديوهات\venv\Lib\site-packages\telegram\_bot.py", line 828, in _send_message
    result = await self._post(
             ^^^^^^^^^^^^^^^^^
    ...<7 lines>...
    )
    ^
  File "G:\تحميل من المواقع لاملفات وفيديوهات\venv\Lib\site-packages\telegram\_bot.py", line 712, in _post
    return await self._do_post(
           ^^^^^^^^^^^^^^^^^^^^
    ...<6 lines>...
    )
    ^
  File "G:\تحميل من المواقع لاملفات وفيديوهات\venv\Lib\site-packages\telegram\ext\_extbot.py", line 378, in _do_post
    return await super()._do_post(
           ^^^^^^^^^^^^^^^^^^^^^^^
    ...<6 lines>...
    )
    ^
  File "G:\تحميل من المواقع لاملفات وفيديوهات\venv\Lib\site-packages\telegram\_bot.py", line 741, in _do_post
    result = await request.post(
             ^^^^^^^^^^^^^^^^^^^
    ...<6 lines>...
    )
    ^
  File "G:\تحميل من المواقع لاملفات وفيديوهات\venv\Lib\site-packages\telegram\request\_baserequest.py", line 198, in post
    result = await self._request_wrapper(
             ^^^^^^^^^^^^^^^^^^^^^^^^^^^^
    ...<7 lines>...
    )
    ^
  File "G:\تحميل من المواقع لاملفات وفيديوهات\venv\Lib\site-packages\telegram\request\_baserequest.py", line 375, in _request_wrapper
    raise exception
telegram.error.BadRequest: There is no text in the message to edit
2026-07-07 10:53:01,835 | telegram.ext.Application | ERROR | No error handlers are registered, logging exception.
Traceback (most recent call last):
  File "G:\تحميل من المواقع لاملفات وفيديوهات\venv\Lib\site-packages\telegram\ext\_application.py", line 1315, in process_update
    await coroutine
  File "G:\تحميل من المواقع لاملفات وفيديوهات\venv\Lib\site-packages\telegram\ext\_handlers\basehandler.py", line 159, in handle_update
    return await self.callback(update, context)
           ^^^^^^^^^^^^^^^^^^^^^^^^^^^^^^^^^^^^
  File "G:\تحميل من المواقع لاملفات وفيديوهات\bot.py", line 91, in wrapper
  File "G:\تحميل من المواقع لاملفات وفيديوهات\handlers\download.py", line 835, in btn_menu_audio
    
    
    ...<3 lines>...
        await query.edit_message_text(
        ^
  File "G:\تحميل من المواقع لاملفات وفيديوهات\venv\Lib\site-packages\telegram\_callbackquery.py", line 269, in edit_message_text
    return await self._get_message().edit_text(
           ^^^^^^^^^^^^^^^^^^^^^^^^^^^^^^^^^^^^
    ...<11 lines>...
    )
    ^
  File "G:\تحميل من المواقع لاملفات وفيديوهات\venv\Lib\site-packages\telegram\_message.py", line 4473, in edit_text
    return await self.get_bot().edit_message_text(
           ^^^^^^^^^^^^^^^^^^^^^^^^^^^^^^^^^^^^^^^
    ...<15 lines>...
    )
    ^
  File "G:\تحميل من المواقع لاملفات وفيديوهات\venv\Lib\site-packages\telegram\ext\_extbot.py", line 1763, in edit_message_text
    return await super().edit_message_text(
           ^^^^^^^^^^^^^^^^^^^^^^^^^^^^^^^^
    ...<15 lines>...
    )
    ^
  File "G:\تحميل من المواقع لاملفات وفيديوهات\venv\Lib\site-packages\telegram\_bot.py", line 4465, in edit_message_text
    return await self._send_message(
           ^^^^^^^^^^^^^^^^^^^^^^^^^
    ...<11 lines>...
    )
    ^
  File "G:\تحميل من المواقع لاملفات وفيديوهات\venv\Lib\site-packages\telegram\ext\_extbot.py", line 638, in _send_message
    result = await super()._send_message(
             ^^^^^^^^^^^^^^^^^^^^^^^^^^^^
    ...<23 lines>...
    )
    ^
  File "G:\تحميل من المواقع لاملفات وفيديوهات\venv\Lib\site-packages\telegram\_bot.py", line 828, in _send_message
    result = await self._post(
             ^^^^^^^^^^^^^^^^^
    ...<7 lines>...
    )
    ^
  File "G:\تحميل من المواقع لاملفات وفيديوهات\venv\Lib\site-packages\telegram\_bot.py", line 712, in _post
    return await self._do_post(
           ^^^^^^^^^^^^^^^^^^^^
    ...<6 lines>...
    )
    ^
  File "G:\تحميل من المواقع لاملفات وفيديوهات\venv\Lib\site-packages\telegram\ext\_extbot.py", line 378, in _do_post
    return await super()._do_post(
           ^^^^^^^^^^^^^^^^^^^^^^^
    ...<6 lines>...
    )
    ^
  File "G:\تحميل من المواقع لاملفات وفيديوهات\venv\Lib\site-packages\telegram\_bot.py", line 741, in _do_post
    result = await request.post(
             ^^^^^^^^^^^^^^^^^^^
    ...<6 lines>...
    )
    ^
  File "G:\تحميل من المواقع لاملفات وفيديوهات\venv\Lib\site-packages\telegram\request\_baserequest.py", line 198, in post
    result = await self._request_wrapper(
             ^^^^^^^^^^^^^^^^^^^^^^^^^^^^
    ...<7 lines>...
    )
    ^
  File "G:\تحميل من المواقع لاملفات وفيديوهات\venv\Lib\site-packages\telegram\request\_baserequest.py", line 375, in _request_wrapper
    raise exception
telegram.error.BadRequest: There is no text in the message to edit
2026-07-07 10:57:20,675 | handlers.download | ERROR | Video download failed: Timed out
2026-07-07 10:57:20,941 | downloader | INFO | Deleted: downloads\6d0f70c3-1ba8-4ee5-8c3f-045a39e094f2\#كربلاء #اكسبلور #قصائد #tiktok .mp4
2026-07-07 15:59:23,833 | handlers.start | INFO | User 1680454327 (『ديטּجر🇮🇶⃤』) started the bot
2026-07-07 16:59:33,659 | handlers.start | INFO | User 1680454327 (『ديטּجر🇮🇶⃤』) started the bot
2026-07-07 16:59:38,721 | telegram.ext.Application | ERROR | No error handlers are registered, logging exception.
Traceback (most recent call last):
  File "G:\تحميل من المواقع لاملفات وفيديوهات\venv\Lib\site-packages\telegram\ext\_application.py", line 1315, in process_update
    await coroutine
  File "G:\تحميل من المواقع لاملفات وفيديوهات\venv\Lib\site-packages\telegram\ext\_handlers\basehandler.py", line 159, in handle_update
    return await self.callback(update, context)
           ^^^^^^^^^^^^^^^^^^^^^^^^^^^^^^^^^^^^
  File "G:\تحميل من المواقع لاملفات وفيديوهات\bot.py", line 91, in wrapper
  File "G:\تحميل من المواقع لاملفات وفيديوهات\handlers\start.py", line 41, in wrapper
    return
       ^^^
  File "G:\تحميل من المواقع لاملفات وفيديوهات\handlers\start.py", line 166, in btn_menu_status
    """معالج زر الحالة"""
    ...<3 lines>...
    
  File "G:\تحميل من المواقع لاملفات وفيديوهات\venv\Lib\site-packages\telegram\_callbackquery.py", line 269, in edit_message_text
    return await self._get_message().edit_text(
           ^^^^^^^^^^^^^^^^^^^^^^^^^^^^^^^^^^^^
    ...<11 lines>...
    )
    ^
  File "G:\تحميل من المواقع لاملفات وفيديوهات\venv\Lib\site-packages\telegram\_message.py", line 4473, in edit_text
    return await self.get_bot().edit_message_text(
           ^^^^^^^^^^^^^^^^^^^^^^^^^^^^^^^^^^^^^^^
    ...<15 lines>...
    )
    ^
  File "G:\تحميل من المواقع لاملفات وفيديوهات\venv\Lib\site-packages\telegram\ext\_extbot.py", line 1763, in edit_message_text
    return await super().edit_message_text(
           ^^^^^^^^^^^^^^^^^^^^^^^^^^^^^^^^
    ...<15 lines>...
    )
    ^
  File "G:\تحميل من المواقع لاملفات وفيديوهات\venv\Lib\site-packages\telegram\_bot.py", line 4465, in edit_message_text
    return await self._send_message(
           ^^^^^^^^^^^^^^^^^^^^^^^^^
    ...<11 lines>...
    )
    ^
  File "G:\تحميل من المواقع لاملفات وفيديوهات\venv\Lib\site-packages\telegram\ext\_extbot.py", line 638, in _send_message
    result = await super()._send_message(
             ^^^^^^^^^^^^^^^^^^^^^^^^^^^^
    ...<23 lines>...
    )
    ^
  File "G:\تحميل من المواقع لاملفات وفيديوهات\venv\Lib\site-packages\telegram\_bot.py", line 828, in _send_message
    result = await self._post(
             ^^^^^^^^^^^^^^^^^
    ...<7 lines>...
    )
    ^
  File "G:\تحميل من المواقع لاملفات وفيديوهات\venv\Lib\site-packages\telegram\_bot.py", line 712, in _post
    return await self._do_post(
           ^^^^^^^^^^^^^^^^^^^^
    ...<6 lines>...
    )
    ^
  File "G:\تحميل من المواقع لاملفات وفيديوهات\venv\Lib\site-packages\telegram\ext\_extbot.py", line 378, in _do_post
    return await super()._do_post(
           ^^^^^^^^^^^^^^^^^^^^^^^
    ...<6 lines>...
    )
    ^
  File "G:\تحميل من المواقع لاملفات وفيديوهات\venv\Lib\site-packages\telegram\_bot.py", line 741, in _do_post
    result = await request.post(
             ^^^^^^^^^^^^^^^^^^^
    ...<6 lines>...
    )
    ^
  File "G:\تحميل من المواقع لاملفات وفيديوهات\venv\Lib\site-packages\telegram\request\_baserequest.py", line 198, in post
    result = await self._request_wrapper(
             ^^^^^^^^^^^^^^^^^^^^^^^^^^^^
    ...<7 lines>...
    )
    ^
  File "G:\تحميل من المواقع لاملفات وفيديوهات\venv\Lib\site-packages\telegram\request\_baserequest.py", line 375, in _request_wrapper
    raise exception
telegram.error.BadRequest: There is no text in the message to edit
2026-07-07 18:22:56,428 | utils.db | INFO | ✅ Database initialized successfully.
2026-07-07 18:22:56,428 | __main__ | INFO | ==================================================
2026-07-07 18:22:56,428 | __main__ | INFO | 🤖 بدء تشغيل بوت التحميل...
2026-07-07 18:22:56,429 | __main__ | INFO | ==================================================
2026-07-07 18:22:56,971 | __main__ | INFO | ✅ البوت يعمل الآن! اضغط Ctrl+C لإيقافه
2026-07-07 18:23:07,348 | handlers.admin | INFO | 🔄 Running scheduled auto-update for yt-dlp...
2026-07-07 18:23:09,664 | handlers.admin | INFO | ✅ yt-dlp auto-updated successfully. Version: 2026.07.04
2026-07-08 01:33:44,916 | handlers.start | INFO | User 2100570784 ((((فَسَيَكْفِيكَهُمُ اللَّهُ ۚ وَهُوَ السَّمِيعُ الْعَلِيمُ)))) started the bot
2026-07-08 01:34:15,629 | downloader | INFO | Deleted: downloads\5624808b-c9f0-46a6-8914-f0e815277f86\213K views · 4.4K reactions ｜ 🔴 مباشر الان ｜ حبايبــــــنا العراقيون.mp4
2026-07-08 01:36:08,813 | handlers.download | ERROR | Video download failed: Timed out
2026-07-08 01:36:09,111 | downloader | INFO | Deleted: downloads\92d20a62-62bf-450a-96f5-0d3ab2f77d01\15 reactions ｜ شتان بين هؤولاء وبين اتباع الحسين الباكين الناحبين الراكضين ｜ خاد.mp4
2026-07-08 01:47:19,421 | handlers.start | INFO | User 7744606127 (𝑨) started the bot
2026-07-08 03:20:08,784 | telegram.ext.Application | ERROR | No error handlers are registered, logging exception.
Traceback (most recent call last):
  File "G:\تحميل من المواقع لاملفات وفيديوهات\venv\Lib\site-packages\telegram\ext\_application.py", line 1315, in process_update
    await coroutine
  File "G:\تحميل من المواقع لاملفات وفيديوهات\venv\Lib\site-packages\telegram\ext\_handlers\basehandler.py", line 159, in handle_update
    return await self.callback(update, context)
           ^^^^^^^^^^^^^^^^^^^^^^^^^^^^^^^^^^^^
  File "G:\تحميل من المواقع لاملفات وفيديوهات\bot.py", line 92, in wrapper
    return await func(update, context, *args, **kwargs)
           ^^^^^^^^^^^^^^^^^^^^^^^^^^^^^^^^^^^^^^^^^^^^
  File "G:\تحميل من المواقع لاملفات وفيديوهات\handlers\download.py", line 842, in btn_menu_video
    await query.edit_message_text(
    ...<3 lines>...
    )
  File "G:\تحميل من المواقع لاملفات وفيديوهات\venv\Lib\site-packages\telegram\_callbackquery.py", line 269, in edit_message_text
    return await self._get_message().edit_text(
           ^^^^^^^^^^^^^^^^^^^^^^^^^^^^^^^^^^^^
    ...<11 lines>...
    )
    ^
  File "G:\تحميل من المواقع لاملفات وفيديوهات\venv\Lib\site-packages\telegram\_message.py", line 4473, in edit_text
    return await self.get_bot().edit_message_text(
           ^^^^^^^^^^^^^^^^^^^^^^^^^^^^^^^^^^^^^^^
    ...<15 lines>...
    )
    ^
  File "G:\تحميل من المواقع لاملفات وفيديوهات\venv\Lib\site-packages\telegram\ext\_extbot.py", line 1763, in edit_message_text
    return await super().edit_message_text(
           ^^^^^^^^^^^^^^^^^^^^^^^^^^^^^^^^
    ...<15 lines>...
    )
    ^
  File "G:\تحميل من المواقع لاملفات وفيديوهات\venv\Lib\site-packages\telegram\_bot.py", line 4465, in edit_message_text
    return await self._send_message(
           ^^^^^^^^^^^^^^^^^^^^^^^^^
    ...<11 lines>...
    )
    ^
  File "G:\تحميل من المواقع لاملفات وفيديوهات\venv\Lib\site-packages\telegram\ext\_extbot.py", line 638, in _send_message
    result = await super()._send_message(
             ^^^^^^^^^^^^^^^^^^^^^^^^^^^^
    ...<23 lines>...
    )
    ^
  File "G:\تحميل من المواقع لاملفات وفيديوهات\venv\Lib\site-packages\telegram\_bot.py", line 828, in _send_message
    result = await self._post(
             ^^^^^^^^^^^^^^^^^
    ...<7 lines>...
    )
    ^
  File "G:\تحميل من المواقع لاملفات وفيديوهات\venv\Lib\site-packages\telegram\_bot.py", line 712, in _post
    return await self._do_post(
           ^^^^^^^^^^^^^^^^^^^^
    ...<6 lines>...
    )
    ^
  File "G:\تحميل من المواقع لاملفات وفيديوهات\venv\Lib\site-packages\telegram\ext\_extbot.py", line 378, in _do_post
    return await super()._do_post(
           ^^^^^^^^^^^^^^^^^^^^^^^
    ...<6 lines>...
    )
    ^
  File "G:\تحميل من المواقع لاملفات وفيديوهات\venv\Lib\site-packages\telegram\_bot.py", line 741, in _do_post
    result = await request.post(
             ^^^^^^^^^^^^^^^^^^^
    ...<6 lines>...
    )
    ^
  File "G:\تحميل من المواقع لاملفات وفيديوهات\venv\Lib\site-packages\telegram\request\_baserequest.py", line 198, in post
    result = await self._request_wrapper(
             ^^^^^^^^^^^^^^^^^^^^^^^^^^^^
    ...<7 lines>...
    )
    ^
  File "G:\تحميل من المواقع لاملفات وفيديوهات\venv\Lib\site-packages\telegram\request\_baserequest.py", line 375, in _request_wrapper
    raise exception
telegram.error.BadRequest: There is no text in the message to edit
2026-07-08 03:20:11,072 | telegram.ext.Application | ERROR | No error handlers are registered, logging exception.
Traceback (most recent call last):
  File "G:\تحميل من المواقع لاملفات وفيديوهات\venv\Lib\site-packages\telegram\ext\_application.py", line 1315, in process_update
    await coroutine
  File "G:\تحميل من المواقع لاملفات وفيديوهات\venv\Lib\site-packages\telegram\ext\_handlers\basehandler.py", line 159, in handle_update
    return await self.callback(update, context)
           ^^^^^^^^^^^^^^^^^^^^^^^^^^^^^^^^^^^^
  File "G:\تحميل من المواقع لاملفات وفيديوهات\bot.py", line 92, in wrapper
    return await func(update, context, *args, **kwargs)
           ^^^^^^^^^^^^^^^^^^^^^^^^^^^^^^^^^^^^^^^^^^^^
  File "G:\تحميل من المواقع لاملفات وفيديوهات\handlers\download.py", line 842, in btn_menu_video
    await query.edit_message_text(
    ...<3 lines>...
    )
  File "G:\تحميل من المواقع لاملفات وفيديوهات\venv\Lib\site-packages\telegram\_callbackquery.py", line 269, in edit_message_text
    return await self._get_message().edit_text(
           ^^^^^^^^^^^^^^^^^^^^^^^^^^^^^^^^^^^^
    ...<11 lines>...
    )
    ^
  File "G:\تحميل من المواقع لاملفات وفيديوهات\venv\Lib\site-packages\telegram\_message.py", line 4473, in edit_text
    return await self.get_bot().edit_message_text(
           ^^^^^^^^^^^^^^^^^^^^^^^^^^^^^^^^^^^^^^^
    ...<15 lines>...
    )
    ^
  File "G:\تحميل من المواقع لاملفات وفيديوهات\venv\Lib\site-packages\telegram\ext\_extbot.py", line 1763, in edit_message_text
    return await super().edit_message_text(
           ^^^^^^^^^^^^^^^^^^^^^^^^^^^^^^^^
    ...<15 lines>...
    )
    ^
  File "G:\تحميل من المواقع لاملفات وفيديوهات\venv\Lib\site-packages\telegram\_bot.py", line 4465, in edit_message_text
    return await self._send_message(
           ^^^^^^^^^^^^^^^^^^^^^^^^^
    ...<11 lines>...
    )
    ^
  File "G:\تحميل من المواقع لاملفات وفيديوهات\venv\Lib\site-packages\telegram\ext\_extbot.py", line 638, in _send_message
    result = await super()._send_message(
             ^^^^^^^^^^^^^^^^^^^^^^^^^^^^
    ...<23 lines>...
    )
    ^
  File "G:\تحميل من المواقع لاملفات وفيديوهات\venv\Lib\site-packages\telegram\_bot.py", line 828, in _send_message
    result = await self._post(
             ^^^^^^^^^^^^^^^^^
    ...<7 lines>...
    )
    ^
  File "G:\تحميل من المواقع لاملفات وفيديوهات\venv\Lib\site-packages\telegram\_bot.py", line 712, in _post
    return await self._do_post(
           ^^^^^^^^^^^^^^^^^^^^
    ...<6 lines>...
    )
    ^
  File "G:\تحميل من المواقع لاملفات وفيديوهات\venv\Lib\site-packages\telegram\ext\_extbot.py", line 378, in _do_post
    return await super()._do_post(
           ^^^^^^^^^^^^^^^^^^^^^^^
    ...<6 lines>...
    )
    ^
  File "G:\تحميل من المواقع لاملفات وفيديوهات\venv\Lib\site-packages\telegram\_bot.py", line 741, in _do_post
    result = await request.post(
             ^^^^^^^^^^^^^^^^^^^
    ...<6 lines>...
    )
    ^
  File "G:\تحميل من المواقع لاملفات وفيديوهات\venv\Lib\site-packages\telegram\request\_baserequest.py", line 198, in post
    result = await self._request_wrapper(
             ^^^^^^^^^^^^^^^^^^^^^^^^^^^^
    ...<7 lines>...
    )
    ^
  File "G:\تحميل من المواقع لاملفات وفيديوهات\venv\Lib\site-packages\telegram\request\_baserequest.py", line 375, in _request_wrapper
    raise exception
telegram.error.BadRequest: There is no text in the message to edit
2026-07-08 03:20:11,921 | telegram.ext.Application | ERROR | No error handlers are registered, logging exception.
Traceback (most recent call last):
  File "G:\تحميل من المواقع لاملفات وفيديوهات\venv\Lib\site-packages\telegram\ext\_application.py", line 1315, in process_update
    await coroutine
  File "G:\تحميل من المواقع لاملفات وفيديوهات\venv\Lib\site-packages\telegram\ext\_handlers\basehandler.py", line 159, in handle_update
    return await self.callback(update, context)
           ^^^^^^^^^^^^^^^^^^^^^^^^^^^^^^^^^^^^
  File "G:\تحميل من المواقع لاملفات وفيديوهات\bot.py", line 92, in wrapper
    return await func(update, context, *args, **kwargs)
           ^^^^^^^^^^^^^^^^^^^^^^^^^^^^^^^^^^^^^^^^^^^^
  File "G:\تحميل من المواقع لاملفات وفيديوهات\handlers\download.py", line 842, in btn_menu_video
    await query.edit_message_text(
    ...<3 lines>...
    )
  File "G:\تحميل من المواقع لاملفات وفيديوهات\venv\Lib\site-packages\telegram\_callbackquery.py", line 269, in edit_message_text
    return await self._get_message().edit_text(
           ^^^^^^^^^^^^^^^^^^^^^^^^^^^^^^^^^^^^
    ...<11 lines>...
    )
    ^
  File "G:\تحميل من المواقع لاملفات وفيديوهات\venv\Lib\site-packages\telegram\_message.py", line 4473, in edit_text
    return await self.get_bot().edit_message_text(
           ^^^^^^^^^^^^^^^^^^^^^^^^^^^^^^^^^^^^^^^
    ...<15 lines>...
    )
    ^
  File "G:\تحميل من المواقع لاملفات وفيديوهات\venv\Lib\site-packages\telegram\ext\_extbot.py", line 1763, in edit_message_text
    return await super().edit_message_text(
           ^^^^^^^^^^^^^^^^^^^^^^^^^^^^^^^^
    ...<15 lines>...
    )
    ^
  File "G:\تحميل من المواقع لاملفات وفيديوهات\venv\Lib\site-packages\telegram\_bot.py", line 4465, in edit_message_text
    return await self._send_message(
           ^^^^^^^^^^^^^^^^^^^^^^^^^
    ...<11 lines>...
    )
    ^
  File "G:\تحميل من المواقع لاملفات وفيديوهات\venv\Lib\site-packages\telegram\ext\_extbot.py", line 638, in _send_message
    result = await super()._send_message(
             ^^^^^^^^^^^^^^^^^^^^^^^^^^^^
    ...<23 lines>...
    )
    ^
  File "G:\تحميل من المواقع لاملفات وفيديوهات\venv\Lib\site-packages\telegram\_bot.py", line 828, in _send_message
    result = await self._post(
             ^^^^^^^^^^^^^^^^^
    ...<7 lines>...
    )
    ^
  File "G:\تحميل من المواقع لاملفات وفيديوهات\venv\Lib\site-packages\telegram\_bot.py", line 712, in _post
    return await self._do_post(
           ^^^^^^^^^^^^^^^^^^^^
    ...<6 lines>...
    )
    ^
  File "G:\تحميل من المواقع لاملفات وفيديوهات\venv\Lib\site-packages\telegram\ext\_extbot.py", line 378, in _do_post
    return await super()._do_post(
           ^^^^^^^^^^^^^^^^^^^^^^^
    ...<6 lines>...
    )
    ^
  File "G:\تحميل من المواقع لاملفات وفيديوهات\venv\Lib\site-packages\telegram\_bot.py", line 741, in _do_post
    result = await request.post(
             ^^^^^^^^^^^^^^^^^^^
    ...<6 lines>...
    )
    ^
  File "G:\تحميل من المواقع لاملفات وفيديوهات\venv\Lib\site-packages\telegram\request\_baserequest.py", line 198, in post
    result = await self._request_wrapper(
             ^^^^^^^^^^^^^^^^^^^^^^^^^^^^
    ...<7 lines>...
    )
    ^
  File "G:\تحميل من المواقع لاملفات وفيديوهات\venv\Lib\site-packages\telegram\request\_baserequest.py", line 375, in _request_wrapper
    raise exception
telegram.error.BadRequest: There is no text in the message to edit
2026-07-08 03:20:21,442 | downloader | INFO | Deleted: downloads\68aee437-9ebd-4529-8ab2-bfd0ae2e8068\وين الكاكـ 💔،                                         #سيد_سلام_الحسي....mp4
2026-07-08 18:23:09,961 | handlers.admin | INFO | 🔄 Running scheduled auto-update for yt-dlp...
2026-07-08 18:23:12,503 | handlers.admin | INFO | ✅ yt-dlp auto-updated successfully. Version: 2026.07.04
2026-07-08 22:30:46,399 | utils.db | INFO | ✅ Database initialized successfully.
2026-07-08 22:30:46,399 | __main__ | INFO | ==================================================
2026-07-08 22:30:46,399 | __main__ | INFO | 🤖 بدء تشغيل بوت التحميل...
2026-07-08 22:30:46,399 | __main__ | INFO | ==================================================
2026-07-08 22:30:46,928 | __main__ | INFO | ✅ البوت يعمل الآن! اضغط Ctrl+C لإيقافه
2026-07-08 22:30:57,465 | handlers.admin | INFO | 🔄 Running scheduled auto-update for yt-dlp...
2026-07-08 22:30:58,933 | handlers.admin | INFO | ✅ yt-dlp auto-updated successfully. Version: 2026.07.04
